{
  "stats": {
    "suites": 2,
    "tests": 25,
    "passes": 25,
    "pending": 0,
    "failures": 0,
    "start": "2022-01-21T16:27:49.110Z",
    "end": "2022-01-21T16:29:03.497Z",
    "duration": 65881,
    "testsRegistered": 25,
    "passPercent": 100,
    "pendingPercent": 0,
    "other": 0,
    "hasOther": false,
    "skipped": 0,
    "hasSkipped": false
  },
  "results": [
    {
      "uuid": "62752656-78c3-4149-9b41-fa09efe07575",
      "title": "",
      "fullFile": "cypress/integration/video_lessons.js",
      "file": "cypress/integration/video_lessons.js",
      "beforeHooks": [],
      "afterHooks": [],
      "tests": [],
      "suites": [
        {
          "uuid": "44f8cb0b-7b0d-4d7e-938b-ed71a7fdafaa",
          "title": "Video Lessons Basic Setup",
          "fullFile": "",
          "file": "",
          "beforeHooks": [],
          "afterHooks": [],
          "tests": [
            {
              "title": "Checkout Basic Setup visits page /videos by url:2.3",
              "fullTitle": "Video Lessons Basic Setup Checkout Basic Setup visits page /videos by url:2.3",
              "timedOut": null,
              "duration": 994,
              "state": "passed",
              "speed": "fast",
              "pass": true,
              "fail": false,
              "pending": false,
              "context": null,
              "code": "cy.visit(\"/videos\");\ncy.log(cardData.visa.credit.valid.cardNumber);\ncy.log(cardData.visa.credit.invalid.insufficient_funds.cardNumber);",
              "err": {},
              "uuid": "d6060cb8-b63a-4c9e-bdd5-567648f13416",
              "parentUUID": "44f8cb0b-7b0d-4d7e-938b-ed71a7fdafaa",
              "isHook": false,
              "skipped": false
            },
            {
              "title": "Checkout Basic Setup visits page /videos by Navbar:2.4.1",
              "fullTitle": "Video Lessons Basic Setup Checkout Basic Setup visits page /videos by Navbar:2.4.1",
              "timedOut": null,
              "duration": 1596,
              "state": "passed",
              "speed": "fast",
              "pass": true,
              "fail": false,
              "pending": false,
              "context": null,
              "code": "cy.visit(\"/\");\ncy.contains(\"Video Courses\").click();\ncy.get(\"#piano\").click();\ncy.get(\"#drums\").click();\ncy.get(\"#g2\").click();\ncy.get(\"#summary-table\").within(() => {\n  cy.get(\".summary-subtotal.summary-price\").contains('$70', {\n    matchCase: false\n  });\n  cy.get(\".summary-total.summary-price\").contains('$56', {\n    matchCase: false\n  });\n});\ncy.get(\"#g2\").click();\ncy.get(\"#summary-table\").within(() => {\n  cy.get(\".summary-subtotal.summary-price\").contains('$35', {\n    matchCase: false\n  });\n  cy.get(\".summary-total.summary-price\").contains('$28', {\n    matchCase: false\n  });\n});",
              "err": {},
              "uuid": "3c6db6da-33ed-4bfd-a9bd-c26e8c5abc36",
              "parentUUID": "44f8cb0b-7b0d-4d7e-938b-ed71a7fdafaa",
              "isHook": false,
              "skipped": false
            },
            {
              "title": "Checkout Basic Setup visits page /videos by clicking button:2.4.2",
              "fullTitle": "Video Lessons Basic Setup Checkout Basic Setup visits page /videos by clicking button:2.4.2",
              "timedOut": null,
              "duration": 1780,
              "state": "passed",
              "speed": "fast",
              "pass": true,
              "fail": false,
              "pending": false,
              "context": null,
              "code": "cy.visit(\"/\");\ncy.get(\"#videos\").click();\ncy.get(\"#piano\").click();\ncy.get(\"#drums\").click();\ncy.get(\"#g2\").click();\ncy.get(\"#summary-table\").within(() => {\n  cy.get(\".summary-subtotal.summary-price\").contains('$70', {\n    matchCase: false\n  });\n  cy.get(\".summary-total.summary-price\").contains('$56', {\n    matchCase: false\n  });\n});\ncy.get(\"#g2\").click();\ncy.get(\"#summary-table\").within(() => {\n  cy.get(\".summary-discount.summary-price\").contains('$7', {\n    matchCase: false\n  });\n  cy.get(\".summary-subtotal.summary-price\").contains('$35', {\n    matchCase: false\n  });\n  cy.get(\".summary-total.summary-price\").contains('$28', {\n    matchCase: false\n  });\n});",
              "err": {},
              "uuid": "c0025a9f-41af-4167-b0e3-9681e4fc5d5e",
              "parentUUID": "44f8cb0b-7b0d-4d7e-938b-ed71a7fdafaa",
              "isHook": false,
              "skipped": false
            }
          ],
          "suites": [],
          "passes": [
            "d6060cb8-b63a-4c9e-bdd5-567648f13416",
            "3c6db6da-33ed-4bfd-a9bd-c26e8c5abc36",
            "c0025a9f-41af-4167-b0e3-9681e4fc5d5e"
          ],
          "failures": [],
          "pending": [],
          "skipped": [],
          "duration": 4370,
          "root": false,
          "rootEmpty": false,
          "_timeout": 2000
        },
        {
          "uuid": "c0eb7604-4b50-4868-8953-2fae44c194cb",
          "title": "Incorporating Elements and setting up the payment form",
          "fullFile": "",
          "file": "",
          "beforeHooks": [],
          "afterHooks": [],
          "tests": [
            {
              "title": "Check Stripe Js is loaded:2.6",
              "fullTitle": "Incorporating Elements and setting up the payment form Check Stripe Js is loaded:2.6",
              "timedOut": null,
              "duration": 1037,
              "state": "passed",
              "speed": "fast",
              "pass": true,
              "fail": false,
              "pending": false,
              "context": null,
              "code": "cy.visit(\"/videos\");\ncy.get(\"#piano\").click();\ncy.get(\"#drums\").click();\ncy.get(\"#g2\").click();\ncy.get(\"#summary-table\").within(() => {\n  cy.get(\".summary-subtotal.summary-price\").contains('$70', {\n    matchCase: false\n  });\n  cy.get(\".summary-total.summary-price\").contains('$56', {\n    matchCase: false\n  });\n});\ncy.get(\"#payment-form\").within(() => {\n  cy.get('iframe[src*=\"https://js.stripe.com/\"]').its('0.contentDocument').should('exist');\n  cy.get('iframe[src*=\"https://js.stripe.com/\"]');\n  cy.get(\"#card-element\").should('have.value', '');\n});",
              "err": {},
              "uuid": "87597cad-7fe6-48d7-bb24-1a269543edc7",
              "parentUUID": "c0eb7604-4b50-4868-8953-2fae44c194cb",
              "isHook": false,
              "skipped": false
            },
            {
              "title": "Check Stripe Elements are loaded:2.7",
              "fullTitle": "Incorporating Elements and setting up the payment form Check Stripe Elements are loaded:2.7",
              "timedOut": null,
              "duration": 1092,
              "state": "passed",
              "speed": "fast",
              "pass": true,
              "fail": false,
              "pending": false,
              "context": null,
              "code": "cy.visit(\"/videos\");\ncy.get(\"#piano\").click();\ncy.get(\"#drums\").click();\ncy.get(\"#g2\").click();\ncy.get(\"#summary-table\").within(() => {\n  cy.get(\".summary-subtotal.summary-price\").contains('$70', {\n    matchCase: false\n  });\n  cy.get(\".summary-total.summary-price\").contains('$56', {\n    matchCase: false\n  });\n});\ncy.get(\"#payment-form\").within(() => {\n  cy.get('iframe[src*=\"https://js.stripe.com/\"]').its('0.contentDocument').should('exist');\n  cy.get('iframe[src*=\"https://js.stripe.com/\"]');\n  cy.get(\"#card-element\").should('have.value', '');\n  cy.get(\"iframe\").getiFrameBody(() => {\n    cy.get('input[name=cardnumber]').should('have.value', '');\n    cy.get('input[name=exp-date]').should('have.value', '');\n    cy.get('input[name=cvc]').should('have.value', '');\n  });\n});",
              "err": {},
              "uuid": "7918d44e-9509-4082-bf0f-1cde2ce35372",
              "parentUUID": "c0eb7604-4b50-4868-8953-2fae44c194cb",
              "isHook": false,
              "skipped": false
            },
            {
              "title": "Add Single Item to Cart Enables Payment form:2.8",
              "fullTitle": "Incorporating Elements and setting up the payment form Add Single Item to Cart Enables Payment form:2.8",
              "timedOut": null,
              "duration": 971,
              "state": "passed",
              "speed": "fast",
              "pass": true,
              "fail": false,
              "pending": false,
              "context": null,
              "code": "cy.visit(\"/videos\");\ncy.get(\"#piano\").click();\ncy.get(\"#summary-table\").within(() => {\n  cy.get(\".summary-total.summary-price\").contains('$25', {\n    matchCase: false\n  });\n});\ncy.get(\"#payment-form\").within(() => {\n  cy.get('iframe[src*=\"https://js.stripe.com/\"]').its('0.contentDocument').should('exist');\n  cy.get('iframe[src*=\"https://js.stripe.com/\"]');\n  cy.get(\"#card-element\").should('have.value', '');\n  cy.get(\"iframe\").getiFrameBody(() => {\n    cy.get('input[name=cardnumber]').should('have.value', '');\n    cy.get('input[name=exp-date]').should('have.value', '');\n    cy.get('input[name=cvc]').should('have.value', '');\n  });\n  cy.get(\"#submit\").should('be.disabled');\n});",
              "err": {},
              "uuid": "d236b15e-4d5c-429d-a2fc-2d4cb0239d25",
              "parentUUID": "c0eb7604-4b50-4868-8953-2fae44c194cb",
              "isHook": false,
              "skipped": false
            },
            {
              "title": "Add Multiple Items to Cart Enables Payment form:2.9",
              "fullTitle": "Incorporating Elements and setting up the payment form Add Multiple Items to Cart Enables Payment form:2.9",
              "timedOut": null,
              "duration": 1007,
              "state": "passed",
              "speed": "fast",
              "pass": true,
              "fail": false,
              "pending": false,
              "context": null,
              "code": "cy.visit(\"/videos\");\ncy.get(\"#piano\").click();\ncy.get(\"#drums\").click();\ncy.get(\"#g2\").click();\ncy.get(\"#summary-table\").within(() => {\n  cy.get(\".summary-subtotal.summary-price\").contains('$70', {\n    matchCase: false\n  });\n  cy.get(\".summary-total.summary-price\").contains('$56', {\n    matchCase: false\n  });\n});\ncy.get(\"#payment-form\").within(() => {\n  cy.get('iframe[src*=\"https://js.stripe.com/\"]').its('0.contentDocument').should('exist');\n  cy.get('iframe[src*=\"https://js.stripe.com/\"]');\n  cy.get(\"#card-element\").should('have.value', '');\n  cy.get(\"iframe\").getiFrameBody(() => {\n    cy.get('input[name=cardnumber]').should('have.value', '');\n    cy.get('input[name=exp-date]').should('have.value', '');\n    cy.get('input[name=cvc]').should('have.value', '');\n  });\n  cy.get(\"#submit\").should('be.disabled');\n});",
              "err": {},
              "uuid": "8c2aee52-68a7-43ed-9dbf-7002f2e0a0c6",
              "parentUUID": "c0eb7604-4b50-4868-8953-2fae44c194cb",
              "isHook": false,
              "skipped": false
            },
            {
              "title": "Add / Remove Multiple Items to Cart Check Payment form:2.10",
              "fullTitle": "Incorporating Elements and setting up the payment form Add / Remove Multiple Items to Cart Check Payment form:2.10",
              "timedOut": null,
              "duration": 1103,
              "state": "passed",
              "speed": "fast",
              "pass": true,
              "fail": false,
              "pending": false,
              "context": null,
              "code": "cy.visit(\"/videos\");\ncy.get(\"#piano\").click();\ncy.get(\"#drums\").click();\ncy.get(\"#g2\").click();\ncy.get(\"#summary-table\").within(() => {\n  cy.get(\".summary-subtotal.summary-price\").contains('$70', {\n    matchCase: false\n  });\n  cy.get(\".summary-total.summary-price\").contains('$56', {\n    matchCase: false\n  });\n});\ncy.get(\"#payment-form\").within(() => {\n  cy.get(\"#submit\").should('be.disabled');\n});\ncy.get(\"#g2\").click();\ncy.get(\"#summary-table\").within(() => {\n  cy.get(\".summary-discount.summary-price\").contains('$7', {\n    matchCase: false\n  });\n  cy.get(\".summary-subtotal.summary-price\").contains('$35', {\n    matchCase: false\n  });\n  cy.get(\".summary-total.summary-price\").contains('$28', {\n    matchCase: false\n  });\n});\ncy.get(\"#payment-form\").within(() => {\n  cy.get('iframe[src*=\"https://js.stripe.com/\"]').its('0.contentDocument').should('exist');\n  cy.get('iframe[src*=\"https://js.stripe.com/\"]');\n  cy.get(\"#card-element\").should('have.value', '');\n  cy.get(\"iframe\").getiFrameBody(() => {\n    cy.get('input[name=cardnumber]').should('have.value', '');\n    cy.get('input[name=exp-date]').should('have.value', '');\n    cy.get('input[name=cvc]').should('have.value', '');\n  });\n  cy.get(\"#submit\").should('be.disabled');\n});",
              "err": {},
              "uuid": "0cff4ab8-ec61-43c5-93d4-612cede3675e",
              "parentUUID": "c0eb7604-4b50-4868-8953-2fae44c194cb",
              "isHook": false,
              "skipped": false
            },
            {
              "title": "Check Payment Form Fields:2.11",
              "fullTitle": "Incorporating Elements and setting up the payment form Check Payment Form Fields:2.11",
              "timedOut": null,
              "duration": 979,
              "state": "passed",
              "speed": "fast",
              "pass": true,
              "fail": false,
              "pending": false,
              "context": null,
              "code": "cy.visit(\"/videos\");\ncy.get(\"#piano\").click();\ncy.get(\"#drums\").click();\ncy.get(\"#g2\").click();\ncy.get(\"#summary-table\").within(() => {\n  cy.get(\".summary-subtotal.summary-price\").contains('$70', {\n    matchCase: false\n  });\n  cy.get(\".summary-total.summary-price\").contains('$56', {\n    matchCase: false\n  });\n});\ncy.get(\"#payment-form\").within(() => {\n  cy.get('iframe[src*=\"https://js.stripe.com/\"]').its('0.contentDocument').should('exist');\n  cy.get('iframe[src*=\"https://js.stripe.com/\"]');\n  cy.get(\"#card-element\").should('have.value', '');\n  cy.get(\"iframe\").getiFrameBody(() => {\n    cy.get('input[name=cardnumber]').should('have.value', '');\n    cy.get('input[name=exp-date]').should('have.value', '');\n    cy.get('input[name=cvc]').should('have.value', '');\n  });\n  cy.get(\"#name\").should('have.value', '');\n  cy.get(\"#email\").should('have.value', '');\n  cy.get(\"#card-element\").should('have.value', '');\n  cy.get(\"#submit\").should('be.disabled');\n});",
              "err": {},
              "uuid": "cc1fe74c-197c-4b3c-98fa-4d31ee0a5199",
              "parentUUID": "c0eb7604-4b50-4868-8953-2fae44c194cb",
              "isHook": false,
              "skipped": false
            },
            {
              "title": "Check Name and Email fields are required for Payment:2.12",
              "fullTitle": "Incorporating Elements and setting up the payment form Check Name and Email fields are required for Payment:2.12",
              "timedOut": null,
              "duration": 1734,
              "state": "passed",
              "speed": "fast",
              "pass": true,
              "fail": false,
              "pending": false,
              "context": null,
              "code": "cy.visit(\"/videos\");\ncy.get(\"#piano\").click();\ncy.get(\"#drums\").click();\ncy.get(\"#g2\").click();\ncy.get(\"#summary-table\").within(() => {\n  cy.get(\".summary-subtotal.summary-price\").contains('$70', {\n    matchCase: false\n  });\n  cy.get(\".summary-total.summary-price\").contains('$56', {\n    matchCase: false\n  });\n});\ncy.get(\"#payment-form\").within(() => {\n  cy.get('iframe[src*=\"https://js.stripe.com/\"]').its('0.contentDocument').should('exist');\n  cy.get('iframe[src*=\"https://js.stripe.com/\"]');\n  cy.get(\"#card-element\").should('have.value', '');\n  cy.get(\"iframe\").getiFrameBody(() => {\n    cy.get('input[name=cardnumber]').should('have.value', '');\n    cy.get('input[name=exp-date]').should('have.value', '');\n    cy.get('input[name=cvc]').should('have.value', '');\n  });\n  cy.get(\"#submit\").should('be.disabled');\n  cy.get(\"#name\").should('have.value', '');\n  cy.get(\"#email\").should('have.value', '');\n  cy.get(\"#card-element\").should('have.value', '');\n  cy.get(\"#name\").type(faker.name.findName());\n  cy.get(\"#submit\").should('be.disabled');\n  cy.get(\"#email\").type(faker.internet.email());\n  cy.get(\"#submit\").should('be.enabled');\n});",
              "err": {},
              "uuid": "10d52b6d-6d41-4bd3-8ba8-95cb57fb5c8b",
              "parentUUID": "c0eb7604-4b50-4868-8953-2fae44c194cb",
              "isHook": false,
              "skipped": false
            },
            {
              "title": "Check Payment button is disabled during the Payment call:2.13",
              "fullTitle": "Incorporating Elements and setting up the payment form Check Payment button is disabled during the Payment call:2.13",
              "timedOut": null,
              "duration": 2915,
              "state": "passed",
              "speed": "fast",
              "pass": true,
              "fail": false,
              "pending": false,
              "context": null,
              "code": "cy.visit(\"/videos\");\ncy.get(\"#piano\").click();\ncy.get(\"#drums\").click();\ncy.get(\"#g2\").click();\ncy.get(\"#summary-table\").within(() => {\n  cy.get(\".summary-subtotal.summary-price\").contains('$70', {\n    matchCase: false\n  });\n  cy.get(\".summary-total.summary-price\").contains('$56', {\n    matchCase: false\n  });\n});\ncy.get(\"#payment-form\").within(() => {\n  cy.get('iframe[src*=\"https://js.stripe.com/\"]').its('0.contentDocument').should('exist');\n  cy.get('iframe[src*=\"https://js.stripe.com/\"]');\n  cy.get(\"#card-element\").should('have.value', '');\n  cy.get(\"#submit\").should('be.disabled');\n  cy.get(\"#name\").should('have.value', '');\n  cy.get(\"#email\").should('have.value', '');\n  cy.get(\"#card-element\").should('have.value', '');\n  cy.get(\"#name\").type(faker.name.findName());\n  cy.get(\"#email\").type(faker.internet.email());\n  cy.get(\"iframe\").getiFrameBody(() => {\n    cy.get('input[name=cardnumber]').type(cardData.visa.credit.valid.cardNumber);\n    cy.get('input[name=exp-date]').type('11/' + faker.datatype.number({\n      'min': 22,\n      'max': 30\n    }));\n    cy.get('input[name=cvc]').type(cardData.visa.credit.valid.cvv);\n    cy.get('input[name=postal]').type(faker.address.zipCodeByState('CA'));\n  });\n  cy.get(\"#submit\").should('be.enabled');\n  cy.intercept({\n    method: 'POST',\n    path: '**/payment_intents/**/confirm',\n    https: true,\n    hostname: 'api.stripe.com'\n  }).as('getPaymentIntent');\n  cy.get(\"#submit\").click();\n  cy.get(\"#submit\").should('be.disabled');\n});",
              "err": {},
              "uuid": "de97a2be-a7b3-4e64-949e-073c0b6b3524",
              "parentUUID": "c0eb7604-4b50-4868-8953-2fae44c194cb",
              "isHook": false,
              "skipped": false
            },
            {
              "title": "Check Normal Payment is Successful:2.15",
              "fullTitle": "Incorporating Elements and setting up the payment form Check Normal Payment is Successful:2.15",
              "timedOut": null,
              "duration": 4957,
              "state": "passed",
              "speed": "fast",
              "pass": true,
              "fail": false,
              "pending": false,
              "context": null,
              "code": "cy.visit(\"/videos\");\ncy.get(\"#piano\").click();\ncy.get(\"#drums\").click();\ncy.get(\"#g2\").click();\ncy.get(\"#summary-table\").within(() => {\n  cy.get(\".summary-subtotal.summary-price\").contains('$70', {\n    matchCase: false\n  });\n  cy.get(\".summary-total.summary-price\").contains('$56', {\n    matchCase: false\n  });\n});\ncy.get(\"#payment-form\").within(() => {\n  cy.get('iframe[src*=\"https://js.stripe.com/\"]').its('0.contentDocument').should('exist');\n  cy.get('iframe[src*=\"https://js.stripe.com/\"]');\n  cy.get(\"#card-element\").should('have.value', '');\n  cy.get(\"#submit\").should('be.disabled');\n  cy.get(\"#name\").should('have.value', '');\n  cy.get(\"#email\").should('have.value', '');\n  cy.get(\"#card-element\").should('have.value', '');\n  cy.get(\"#name\").type(faker.name.findName());\n  cy.get(\"#email\").type(faker.internet.email());\n  cy.get(\"iframe\").getiFrameBody(() => {\n    cy.get('input[name=cardnumber]').type(cardData.visa.credit.valid.cardNumber);\n    cy.get('input[name=exp-date]').type('11/' + faker.datatype.number({\n      'min': 22,\n      'max': 30\n    }));\n    cy.get('input[name=cvc]').type(cardData.visa.credit.valid.cvv);\n    cy.get('input[name=postal]').type(faker.address.zipCodeByState('CA'));\n  });\n  cy.get(\"#submit\").should('be.enabled');\n  cy.intercept({\n    method: 'POST',\n    path: '**/payment_intents/**/confirm',\n    https: true,\n    hostname: 'api.stripe.com'\n  }).as('getPaymentIntent');\n  cy.get(\"#submit\").click();\n  cy.get(\"#submit\").should('be.disabled');\n  cy.wait('@getPaymentIntent').then(interception => {\n    cy.log(interception);\n    expect(interception.response.statusCode).to.eq(200);\n    expect(interception.response.body.status).to.eq('succeeded');\n  });\n});\ncy.contains('h3#order-status', 'Thank you for your order!', {\n  matchCase: false\n});",
              "err": {},
              "uuid": "2f0e8044-a390-4d6d-9088-e7f52376167e",
              "parentUUID": "c0eb7604-4b50-4868-8953-2fae44c194cb",
              "isHook": false,
              "skipped": false
            },
            {
              "title": "Check 3DS Payment is Successful:2.16",
              "fullTitle": "Incorporating Elements and setting up the payment form Check 3DS Payment is Successful:2.16",
              "timedOut": null,
              "duration": 15680,
              "state": "passed",
              "speed": "slow",
              "pass": true,
              "fail": false,
              "pending": false,
              "context": null,
              "code": "cy.visit(\"/videos\");\ncy.get(\"#piano\").click();\ncy.get(\"#drums\").click();\ncy.get(\"#g2\").click();\ncy.get(\"#summary-table\").within(() => {\n  cy.get(\".summary-subtotal.summary-price\").contains('$70', {\n    matchCase: false\n  });\n  cy.get(\".summary-total.summary-price\").contains('$56', {\n    matchCase: false\n  });\n});\ncy.get(\"#payment-form\").within(() => {\n  cy.get('iframe[src*=\"https://js.stripe.com/\"]').its('0.contentDocument').should('exist');\n  cy.get('iframe[src*=\"https://js.stripe.com/\"]');\n  cy.get(\"#card-element\").should('have.value', '');\n  cy.get(\"#submit\").should('be.disabled');\n  cy.get(\"#name\").should('have.value', '');\n  cy.get(\"#email\").should('have.value', '');\n  cy.get(\"#card-element\").should('have.value', '');\n  cy.get(\"#name\").type(faker.name.findName());\n  cy.get(\"#email\").type(faker.internet.email());\n  cy.get(\"iframe\").getiFrameBody(() => {\n    cy.get('input[name=cardnumber]').type(cardData.visa.credit.valid.threeDS.cardNumber);\n    cy.get('input[name=exp-date]').type('11/' + faker.datatype.number({\n      'min': 22,\n      'max': 30\n    }));\n    cy.get('input[name=cvc]').type(cardData.visa.credit.valid.threeDS.cvv);\n    cy.get('input[name=postal]').type(faker.address.zipCodeByState('CA'));\n  });\n  cy.get(\"#submit\").should('be.enabled');\n  cy.get(\"#submit\").click();\n  cy.get(\"#submit\").should('be.disabled');\n  cy.wait(10000);\n});\ncy.get('iframe[src*=\"https://js.stripe.com/v3/authorize-with-url-inner\"]', {\n  timeout: 10 * 1000\n}).first().getiFrameBody(() => {\n  cy.get('iframe[id=\"challengeFrame\"]', {\n    timeout: 10 * 1000\n  }).first().getiFrameBody(() => {\n    cy.get('iframe[name=\"acsFrame\"]', {\n      timeout: 10 * 1000\n    }).getiFrameBody(() => {\n      cy.get(\"#test-source-authorize-3ds\").click();\n    });\n  });\n});\ncy.contains('h3#order-status', 'Thank you for your order!', {\n  matchCase: false\n});",
              "err": {},
              "uuid": "0e4103bf-d731-4c8b-8e27-629bbce0aaec",
              "parentUUID": "c0eb7604-4b50-4868-8953-2fae44c194cb",
              "isHook": false,
              "skipped": false
            },
            {
              "title": "Check Unsuccessful Payment:2.17",
              "fullTitle": "Incorporating Elements and setting up the payment form Check Unsuccessful Payment:2.17",
              "timedOut": null,
              "duration": 4675,
              "state": "passed",
              "speed": "fast",
              "pass": true,
              "fail": false,
              "pending": false,
              "context": null,
              "code": "cy.visit(\"/videos\");\ncy.get(\"#piano\").click();\ncy.get(\"#drums\").click();\ncy.get(\"#g2\").click();\ncy.get(\"#summary-table\").within(() => {\n  cy.get(\".summary-subtotal.summary-price\").contains('$70', {\n    matchCase: false\n  });\n  cy.get(\".summary-total.summary-price\").contains('$56', {\n    matchCase: false\n  });\n});\ncy.get(\"#payment-form\").within(() => {\n  cy.get('iframe[src*=\"https://js.stripe.com/\"]').its('0.contentDocument').should('exist');\n  cy.get('iframe[src*=\"https://js.stripe.com/\"]');\n  cy.get(\"#card-element\").should('have.value', '');\n  cy.get(\"#submit\").should('be.disabled');\n  cy.get(\"#name\").should('have.value', '');\n  cy.get(\"#email\").should('have.value', '');\n  cy.get(\"#card-element\").should('have.value', '');\n  cy.get(\"#name\").type(faker.name.findName());\n  cy.get(\"#email\").type(faker.internet.email());\n  cy.get(\"iframe\").getiFrameBody(() => {\n    cy.get('input[name=cardnumber]').type(cardData.visa.credit.invalid.card_declined.cardNumber);\n    cy.get('input[name=exp-date]').type('11/' + faker.datatype.number({\n      'min': 22,\n      'max': 30\n    }));\n    cy.get('input[name=cvc]').type(cardData.visa.credit.invalid.card_declined.cvv);\n    cy.get('input[name=postal]').type(faker.address.zipCodeByState('CA'));\n  });\n  cy.get(\"#submit\").should('be.enabled');\n  cy.get(\"#submit\").click();\n  cy.contains('#name-errors', 'Payment Failed: Your card was declined.', {\n    matchCase: false\n  });\n});",
              "err": {},
              "uuid": "efa2f5bc-6146-4846-a37c-0dc766125d8b",
              "parentUUID": "c0eb7604-4b50-4868-8953-2fae44c194cb",
              "isHook": false,
              "skipped": false
            },
            {
              "title": "Check 3DS Payment is Not Successful:2.18",
              "fullTitle": "Incorporating Elements and setting up the payment form Check 3DS Payment is Not Successful:2.18",
              "timedOut": null,
              "duration": 14596,
              "state": "passed",
              "speed": "slow",
              "pass": true,
              "fail": false,
              "pending": false,
              "context": null,
              "code": "cy.visit(\"/videos\");\ncy.get(\"#piano\").click();\ncy.get(\"#drums\").click();\ncy.get(\"#g2\").click();\ncy.get(\"#summary-table\").within(() => {\n  cy.get(\".summary-subtotal.summary-price\").contains('$70', {\n    matchCase: false\n  });\n  cy.get(\".summary-total.summary-price\").contains('$56', {\n    matchCase: false\n  });\n});\ncy.get(\"#payment-form\").within(() => {\n  cy.get('iframe[src*=\"https://js.stripe.com/\"]').its('0.contentDocument').should('exist');\n  cy.get('iframe[src*=\"https://js.stripe.com/\"]');\n  cy.get(\"#card-element\").should('have.value', '');\n  cy.get(\"#submit\").should('be.disabled');\n  cy.get(\"#name\").should('have.value', '');\n  cy.get(\"#email\").should('have.value', '');\n  cy.get(\"#card-element\").should('have.value', '');\n  cy.get(\"#name\").type(faker.name.findName());\n  cy.get(\"#email\").type(faker.internet.email());\n  cy.get(\"iframe\").getiFrameBody(() => {\n    cy.get('input[name=cardnumber]').type(cardData.visa.credit.valid.threeDS.cardNumber);\n    cy.get('input[name=exp-date]').type('11/' + faker.datatype.number({\n      'min': 22,\n      'max': 30\n    }));\n    cy.get('input[name=cvc]').type(cardData.visa.credit.valid.threeDS.cvv);\n    cy.get('input[name=postal]').type(faker.address.zipCodeByState('CA'));\n  });\n  cy.get(\"#submit\").should('be.enabled');\n  cy.get(\"#submit\").click();\n  cy.get(\"#submit\").should('be.disabled');\n  cy.wait(10000);\n});\ncy.get('iframe[src*=\"https://js.stripe.com/v3/authorize-with-url-inner\"]', {\n  timeout: 10 * 1000\n}).first().getiFrameBody(() => {\n  cy.get('iframe[id=\"challengeFrame\"]', {\n    timeout: 10 * 1000\n  }).first().getiFrameBody(() => {\n    cy.get('iframe[name=\"acsFrame\"]', {\n      timeout: 10 * 1000\n    }).getiFrameBody(() => {\n      cy.get(\"#test-source-fail-3ds\").click();\n    });\n  });\n});\ncy.contains('#name-errors', 'Payment Failed: We are unable to authenticate your payment method.', {\n  matchCase: false\n});",
              "err": {},
              "uuid": "16cee9c9-0373-44ff-bc3c-9153ff6020c7",
              "parentUUID": "c0eb7604-4b50-4868-8953-2fae44c194cb",
              "isHook": false,
              "skipped": false
            }
          ],
          "suites": [],
          "passes": [
            "87597cad-7fe6-48d7-bb24-1a269543edc7",
            "7918d44e-9509-4082-bf0f-1cde2ce35372",
            "d236b15e-4d5c-429d-a2fc-2d4cb0239d25",
            "8c2aee52-68a7-43ed-9dbf-7002f2e0a0c6",
            "0cff4ab8-ec61-43c5-93d4-612cede3675e",
            "cc1fe74c-197c-4b3c-98fa-4d31ee0a5199",
            "10d52b6d-6d41-4bd3-8ba8-95cb57fb5c8b",
            "de97a2be-a7b3-4e64-949e-073c0b6b3524",
            "2f0e8044-a390-4d6d-9088-e7f52376167e",
            "0e4103bf-d731-4c8b-8e27-629bbce0aaec",
            "efa2f5bc-6146-4846-a37c-0dc766125d8b",
            "16cee9c9-0373-44ff-bc3c-9153ff6020c7"
          ],
          "failures": [],
          "pending": [],
          "skipped": [],
          "duration": 50746,
          "root": false,
          "rootEmpty": false,
          "_timeout": 2000
        }
      ],
      "passes": [],
      "failures": [],
      "pending": [],
      "skipped": [],
      "duration": 0,
      "root": true,
      "rootEmpty": true,
      "_timeout": 2000
    },
    {
      "uuid": "229a8c73-a890-48c0-a6a2-3babd0029c8c",
      "title": "",
      "fullFile": "cypress/integration/payments_checkout.js",
      "file": "cypress/integration/payments_checkout.js",
      "beforeHooks": [],
      "afterHooks": [],
      "tests": [],
      "suites": [
        {
          "uuid": "280c9465-fbb1-43cc-bb08-c7dff2287f1f",
          "title": "Payments Checkout Basic Setup",
          "fullFile": "",
          "file": "",
          "beforeHooks": [],
          "afterHooks": [],
          "tests": [
            {
              "title": "Checkout Basic Setup visits page /concerts by url:1.3",
              "fullTitle": "Payments Checkout Basic Setup Checkout Basic Setup visits page /concerts by url:1.3",
              "timedOut": null,
              "duration": 1372,
              "state": "passed",
              "speed": "fast",
              "pass": true,
              "fail": false,
              "pending": false,
              "context": null,
              "code": "cy.visit(\"/concert\");",
              "err": {},
              "uuid": "fbdba8d5-0c4f-478d-a195-1325908f0a9b",
              "parentUUID": "280c9465-fbb1-43cc-bb08-c7dff2287f1f",
              "isHook": false,
              "skipped": false
            },
            {
              "title": "Checkout Basic Setup visits page /concerts by Navbar:1.4.1",
              "fullTitle": "Payments Checkout Basic Setup Checkout Basic Setup visits page /concerts by Navbar:1.4.1",
              "timedOut": null,
              "duration": 860,
              "state": "passed",
              "speed": "fast",
              "pass": true,
              "fail": false,
              "pending": false,
              "context": null,
              "code": "cy.visit(\"/\");\ncy.contains(\"Concert Tickets\").click();",
              "err": {},
              "uuid": "93b8e027-dedf-4ede-ad75-864888225e44",
              "parentUUID": "280c9465-fbb1-43cc-bb08-c7dff2287f1f",
              "isHook": false,
              "skipped": false
            },
            {
              "title": "Checkout Basic Setup visits page /concerts by clicking button:1.4.2",
              "fullTitle": "Payments Checkout Basic Setup Checkout Basic Setup visits page /concerts by clicking button:1.4.2",
              "timedOut": null,
              "duration": 775,
              "state": "passed",
              "speed": "fast",
              "pass": true,
              "fail": false,
              "pending": false,
              "context": null,
              "code": "cy.visit(\"/\");\ncy.get(\"#concert\").click();",
              "err": {},
              "uuid": "8c12ebe8-587e-4fe6-82c9-1cb83c62599b",
              "parentUUID": "280c9465-fbb1-43cc-bb08-c7dff2287f1f",
              "isHook": false,
              "skipped": false
            }
          ],
          "suites": [],
          "passes": [
            "fbdba8d5-0c4f-478d-a195-1325908f0a9b",
            "93b8e027-dedf-4ede-ad75-864888225e44",
            "8c12ebe8-587e-4fe6-82c9-1cb83c62599b"
          ],
          "failures": [],
          "pending": [],
          "skipped": [],
          "duration": 3007,
          "root": false,
          "rootEmpty": false,
          "_timeout": 2000
        },
        {
          "uuid": "001a158d-590f-479f-8475-c971600f19f6",
          "title": "Payments Checkout Payment Flow",
          "fullFile": "",
          "file": "",
          "beforeHooks": [],
          "afterHooks": [],
          "tests": [
            {
              "title": "Checkout Basic Setup Adds 2 tickets (3 total):1.6.1",
              "fullTitle": "Payments Checkout Payment Flow Checkout Basic Setup Adds 2 tickets (3 total):1.6.1",
              "timedOut": null,
              "duration": 896,
              "state": "passed",
              "speed": "fast",
              "pass": true,
              "fail": false,
              "pending": false,
              "context": null,
              "code": "cy.visit(\"/concert\");\ncy.get(\"#add\").click();\ncy.get(\"#add\").click();\ncy.get(\"#quantity-input\").should(\"have.value\", 3);",
              "err": {},
              "uuid": "bcb88db1-d364-465b-a7a2-9520a8650d4d",
              "parentUUID": "001a158d-590f-479f-8475-c971600f19f6",
              "isHook": false,
              "skipped": false
            },
            {
              "title": "Renders Stripe Checkout successfully - Total and Currency Check:1.6.2",
              "fullTitle": "Payments Checkout Payment Flow Renders Stripe Checkout successfully - Total and Currency Check:1.6.2",
              "timedOut": null,
              "duration": 1466,
              "state": "passed",
              "speed": "fast",
              "pass": true,
              "fail": false,
              "pending": false,
              "context": null,
              "code": "cy.visit(\"/concert\", {\n  followRedirect: false\n});\ncy.get(\"#add\").click();\ncy.intercept({\n  method: 'POST',\n  path: '**/create-checkout-session'\n}).as('getCheckoutSession');\ncy.get(\"#submit\").click();\ndebugger;\ncy.wait('@getCheckoutSession').then(interception => {\n  cy.log(interception);\n  expect(interception.response.statusCode).to.eq(200);\n});\ncy.get('#sessionId').contains('cs_test_', {\n  matchCase: false\n});\ncy.get('#sessionId').invoke('text').then(divText => {\n  sessionId = divText;\n});\ncy.get('#sessionId').invoke('text').as('sessionId2');\ncy.get('@sessionId2').then(val => {\n  cy.log('sessionId2: ' + val);\n  let stripesessionUrl = \"https://api.stripe.com/v1/checkout/sessions/\" + val;\n  cy.request({\n    method: 'GET',\n    url: stripesessionUrl,\n    qs: {\n      'expand[]': 'payment_intent'\n    },\n    headers: {\n      'Authorization': 'Bearer ' + Cypress.env('STRIPE_SECRET_KEY')\n    }\n  }).then(response => {\n    expect(response.status).to.eq(200);\n    expect(response.body).to.not.be.null;\n    expect(response.body).has.property('amount_total', 4000);\n    expect(response.body).has.property('currency', 'usd');\n  });\n});",
              "err": {},
              "uuid": "12a2734a-975d-4022-af32-9a3246d9401c",
              "parentUUID": "001a158d-590f-479f-8475-c971600f19f6",
              "isHook": false,
              "skipped": false
            },
            {
              "title": "Renders Stripe Checkout Product successfully - Product Name and Image check:1.6.3",
              "fullTitle": "Payments Checkout Payment Flow Renders Stripe Checkout Product successfully - Product Name and Image check:1.6.3",
              "timedOut": null,
              "duration": 1046,
              "state": "passed",
              "speed": "fast",
              "pass": true,
              "fail": false,
              "pending": false,
              "context": null,
              "code": "cy.visit(\"/concert\", {\n  followRedirect: false\n});\nconst ccNumber = \"4242424242424242\";\nconst month = \"12\";\nconst year = \"30\";\nconst cvc = \"123\";\nconst zipCode = \"90210\";\ncy.get(\"#add\").click();\ncy.get(\"#submit\").click();\ncy.get('#sessionId').contains('cs_test_', {\n  matchCase: false\n});\ncy.get('#sessionId').invoke('text').then(divText => {\n  sessionId = divText;\n});\ncy.get('#sessionId').invoke('text').as('sessionId2');\ncy.get('@sessionId2').then(val => {\n  cy.log('sessionId2: ' + val);\n  let stripesessionUrl = \"https://api.stripe.com/v1/checkout/sessions/\" + val + \"/line_items\";\n  cy.request({\n    method: 'GET',\n    url: stripesessionUrl,\n    qs: {\n      'expand[]': 'data.price.product'\n    },\n    headers: {\n      'Authorization': 'Bearer ' + Cypress.env('STRIPE_SECRET_KEY')\n    }\n  }).then(response => {\n    expect(response.status).to.eq(200);\n    expect(response.body).to.not.be.null;\n    response.body.data.forEach(item => {\n      expect(item).has.property('amount_total', 4000);\n      expect(item).has.property('currency', 'usd');\n      expect(item).has.property('description', 'Spring Academy Concert');\n      expect(item.price.product).has.property('name', 'Spring Academy Concert');\n      item.price.product.images.forEach(imageItem => {\n        expect(imageItem).to.equal('https://d37ugbyn3rpeym.cloudfront.net/partner-program/edu/kidvert.jpeg');\n      });\n    });\n  });\n});",
              "err": {},
              "uuid": "378cc67a-d35f-4959-8cb6-71ccdedab561",
              "parentUUID": "001a158d-590f-479f-8475-c971600f19f6",
              "isHook": false,
              "skipped": false
            },
            {
              "title": "Renders Stripe Checkout successfully - Card Payment Method Check:1.7",
              "fullTitle": "Payments Checkout Payment Flow Renders Stripe Checkout successfully - Card Payment Method Check:1.7",
              "timedOut": null,
              "duration": 1008,
              "state": "passed",
              "speed": "fast",
              "pass": true,
              "fail": false,
              "pending": false,
              "context": null,
              "code": "cy.visit(\"/concert\", {\n  followRedirect: false\n});\ncy.get(\"#add\").click();\ncy.get(\"#submit\").click();\ncy.get('#sessionId').contains('cs_test_', {\n  matchCase: false\n});\ncy.get('#sessionId').invoke('text').then(divText => {\n  sessionId = divText;\n});\ncy.get('#sessionId').invoke('text').as('sessionId2');\ncy.get('@sessionId2').then(val => {\n  cy.log('sessionId2: ' + val);\n  let stripesessionUrl = \"https://api.stripe.com/v1/checkout/sessions/\" + val;\n  cy.request({\n    method: 'GET',\n    url: stripesessionUrl,\n    qs: {\n      'expand[]': 'payment_intent'\n    },\n    headers: {\n      'Authorization': 'Bearer ' + Cypress.env('STRIPE_SECRET_KEY')\n    }\n  }).then(response => {\n    expect(response.status).to.eq(200);\n    expect(response.body).to.not.be.null;\n    expect(response.body).has.property('amount_total', 4000);\n    expect(response.body).has.property('currency', 'usd');\n    expect(response.body).has.property('payment_method_types').to.have.length(1);\n    response.body.payment_method_types.forEach(item => {\n      expect(item).to.equal('card');\n    });\n  });\n});",
              "err": {},
              "uuid": "b09282f6-ac79-4737-a384-47b2e8ad5c73",
              "parentUUID": "001a158d-590f-479f-8475-c971600f19f6",
              "isHook": false,
              "skipped": false
            },
            {
              "title": "Renders Stripe Checkout successfully - Cancel and Success Url Check:1.8",
              "fullTitle": "Payments Checkout Payment Flow Renders Stripe Checkout successfully - Cancel and Success Url Check:1.8",
              "timedOut": null,
              "duration": 1066,
              "state": "passed",
              "speed": "fast",
              "pass": true,
              "fail": false,
              "pending": false,
              "context": null,
              "code": "cy.visit(\"/concert\", {\n  followRedirect: false\n});\ncy.get(\"#add\").click();\ncy.get(\"#submit\").click();\ncy.get('#sessionId').contains('cs_test_', {\n  matchCase: false\n});\ncy.get('#sessionId').invoke('text').then(divText => {\n  sessionId = divText;\n});\ncy.get('#sessionId').invoke('text').as('sessionId2');\ncy.get('@sessionId2').then(val => {\n  cy.log('sessionId2: ' + val);\n  let stripesessionUrl = \"https://api.stripe.com/v1/checkout/sessions/\" + val;\n  cy.request({\n    method: 'GET',\n    url: stripesessionUrl,\n    qs: {\n      'expand[]': 'payment_intent'\n    },\n    headers: {\n      'Authorization': 'Bearer ' + Cypress.env('STRIPE_SECRET_KEY')\n    }\n  }).then(response => {\n    expect(response.status).to.eq(200);\n    expect(response.body).to.not.be.null;\n    expect(response.body).has.property('amount_total', 4000);\n    expect(response.body).has.property('currency', 'usd');\n    expect(response.body).has.property('cancel_url', Cypress.config().baseUrl + '/concert');\n    expect(response.body).has.property('success_url', Cypress.config().baseUrl + '/concert-success/{CHECKOUT_SESSION_ID}');\n    expect(response.body).has.property('payment_method_types').to.not.be.null; // expect(response.body.payment_intent.metadata).has.property('concerttickets', '2')\n    expect(response.body).has.property('payment_method_types').to.have.length(1);\n    response.body.payment_method_types.forEach(item => {\n      expect(item).to.equal('card');\n    });\n  });\n});",
              "err": {},
              "uuid": "1e767a6a-8f7e-493c-8944-3b5083e8a9f1",
              "parentUUID": "001a158d-590f-479f-8475-c971600f19f6",
              "isHook": false,
              "skipped": false
            },
            {
              "title": "Renders Stripe Checkout successfully - Payment Intent Metadata Check:1.9",
              "fullTitle": "Payments Checkout Payment Flow Renders Stripe Checkout successfully - Payment Intent Metadata Check:1.9",
              "timedOut": null,
              "duration": 1078,
              "state": "passed",
              "speed": "fast",
              "pass": true,
              "fail": false,
              "pending": false,
              "context": null,
              "code": "cy.visit(\"/concert\", {\n  followRedirect: false\n});\ncy.get(\"#add\").click();\ncy.get(\"#submit\").click();\ncy.get('#sessionId').contains('cs_test_', {\n  matchCase: false\n});\ncy.get('#sessionId').invoke('text').then(divText => {\n  sessionId = divText;\n});\ncy.get('#sessionId').invoke('text').as('sessionId2');\ncy.get('@sessionId2').then(val => {\n  cy.log('sessionId2: ' + val);\n  let stripesessionUrl = \"https://api.stripe.com/v1/checkout/sessions/\" + val;\n  cy.request({\n    method: 'GET',\n    url: stripesessionUrl,\n    qs: {\n      'expand[]': 'payment_intent'\n    },\n    headers: {\n      'Authorization': 'Bearer ' + Cypress.env('STRIPE_SECRET_KEY')\n    }\n  }).then(response => {\n    expect(response.status).to.eq(200);\n    expect(response.body).to.not.be.null;\n    expect(response.body).has.property('amount_total', 4000);\n    expect(response.body).has.property('currency', 'usd');\n    expect(response.body).has.property('cancel_url', Cypress.config().baseUrl + '/concert');\n    expect(response.body).has.property('success_url', Cypress.config().baseUrl + '/concert-success/{CHECKOUT_SESSION_ID}');\n    expect(response.body).has.property('payment_method_types').to.not.be.null;\n    expect(response.body.payment_intent.metadata).has.property('concerttickets', '2');\n    expect(response.body).has.property('payment_method_types').to.have.length(1);\n    response.body.payment_method_types.forEach(item => {\n      expect(item).to.equal('card');\n    });\n  });\n});",
              "err": {},
              "uuid": "f8f2a683-db38-4f8a-9a6e-eda5d816f8fc",
              "parentUUID": "001a158d-590f-479f-8475-c971600f19f6",
              "isHook": false,
              "skipped": false
            },
            {
              "title": "Renders Stripe Checkout successfully - Cancel and Success Url Check:1.10",
              "fullTitle": "Payments Checkout Payment Flow Renders Stripe Checkout successfully - Cancel and Success Url Check:1.10",
              "timedOut": null,
              "duration": 1198,
              "state": "passed",
              "speed": "fast",
              "pass": true,
              "fail": false,
              "pending": false,
              "context": null,
              "code": "cy.visit(\"/concert\", {\n  followRedirect: false\n});\ncy.get(\"#add\").click();\ncy.get(\"#submit\").click();\ncy.get('#sessionId').contains('cs_test_', {\n  matchCase: false\n});\ncy.get('#sessionId').invoke('text').then(divText => {\n  sessionId = divText;\n});\ncy.get('#sessionId').invoke('text').as('sessionId2');\ncy.get('@sessionId2').then(val => {\n  cy.log('sessionId2: ' + val);\n  let stripesessionUrl = \"https://api.stripe.com/v1/checkout/sessions/\" + val;\n  cy.request({\n    method: 'GET',\n    url: stripesessionUrl,\n    qs: {\n      'expand[]': 'payment_intent'\n    },\n    headers: {\n      'Authorization': 'Bearer ' + Cypress.env('STRIPE_SECRET_KEY')\n    }\n  }).then(response => {\n    expect(response.status).to.eq(200);\n    expect(response.body).to.not.be.null;\n    expect(response.body).has.property('amount_total', 4000);\n    expect(response.body).has.property('currency', 'usd');\n    expect(response.body).has.property('cancel_url', Cypress.config().baseUrl + '/concert');\n    expect(response.body).has.property('success_url', Cypress.config().baseUrl + '/concert-success/{CHECKOUT_SESSION_ID}');\n    expect(response.body).has.property('payment_method_types').to.not.be.null; // expect(response.body.payment_intent.metadata).has.property('concerttickets', '2')\n    expect(response.body).has.property('payment_method_types').to.have.length(1);\n    response.body.payment_method_types.forEach(item => {\n      expect(item).to.equal('card');\n    });\n  });\n});",
              "err": {},
              "uuid": "57abfc9e-3584-4f71-a88e-23a52125e924",
              "parentUUID": "001a158d-590f-479f-8475-c971600f19f6",
              "isHook": false,
              "skipped": false
            }
          ],
          "suites": [],
          "passes": [
            "bcb88db1-d364-465b-a7a2-9520a8650d4d",
            "12a2734a-975d-4022-af32-9a3246d9401c",
            "378cc67a-d35f-4959-8cb6-71ccdedab561",
            "b09282f6-ac79-4737-a384-47b2e8ad5c73",
            "1e767a6a-8f7e-493c-8944-3b5083e8a9f1",
            "f8f2a683-db38-4f8a-9a6e-eda5d816f8fc",
            "57abfc9e-3584-4f71-a88e-23a52125e924"
          ],
          "failures": [],
          "pending": [],
          "skipped": [],
          "duration": 7758,
          "root": false,
          "rootEmpty": false,
          "_timeout": 2000
        }
      ],
      "passes": [],
      "failures": [],
      "pending": [],
      "skipped": [],
      "duration": 0,
      "root": true,
      "rootEmpty": true,
      "_timeout": 2000
    }
  ],
  "meta": {
    "mocha": {
      "version": "7.0.1"
    },
    "mochawesome": {
      "options": {
        "quiet": false,
        "reportFilename": "stripechallengetestreport-individaul-[hash]",
        "saveHtml": true,
        "saveJson": true,
        "consoleReporter": "spec",
        "useInlineDiffs": false,
        "code": true
      },
      "version": "7.0.1"
    },
    "marge": {
      "options": {
        "reportDir": "cypress/results",
        "reportFilename": "stripechallengetestreport-individaul-[hash]",
        "overwrite": false,
        "html": true,
        "reportTitle": "Stripe Developer Challenge",
        "json": true
      },
      "version": "6.0.1"
    }
  }
}